<?xml version="1.0" encoding="UTF-8"?>
<!-- Generated by org.testng.reporters.JUnitReportReporter -->
<testsuite skipped="0" hostname="mrogers40-PC" name="test.CardTest" tests="7" failures="0" timestamp="30 Apr 2017 09:06:24 GMT" time="0.079" errors="0">
  <testcase name="faceUpTest" time="0.008" classname="test.CardTest"/>
  <testcase name="highlightTest" time="0.008" classname="test.CardTest"/>
  <testcase name="cloneTest" time="0.005" classname="test.CardTest"/>
  <testcase name="cardImageTest" time="0.002" classname="test.CardTest"/>
  <testcase name="validSuitTest" time="0.001" classname="test.CardTest"/>
  <testcase name="gettersTest" time="0.001" classname="test.CardTest"/>
  <testcase name="test" time="0.054" classname="test.CardTest"/>
</testsuite> <!-- test.CardTest -->
