<?xml version="1.0" encoding="UTF-8"?>
<!-- Generated by org.testng.reporters.JUnitReportReporter -->
<testsuite skipped="0" hostname="Nolans-MBP.home.gateway" name="test.AcePileTest" tests="5" failures="0" timestamp="30 Apr 2017 08:14:09 GMT" time="0.034" errors="0">
  <testcase name="testIsValidMoveCard" time="0.007" classname="test.AcePileTest"/>
  <testcase name="testPushCard" time="0.008" classname="test.AcePileTest"/>
  <testcase name="AcePile" time="0.012" classname="test.AcePileTest"/>
  <testcase name="testIsValidMoveCardStack" time="0.002" classname="test.AcePileTest"/>
  <testcase name="testGetCardAtLocationPoint" time="0.005" classname="test.AcePileTest"/>
</testsuite> <!-- test.AcePileTest -->
