<?xml version="1.0" encoding="UTF-8"?>
<!-- Generated by org.testng.reporters.JUnitReportReporter -->
<testsuite skipped="0" hostname="mrogers40-PC" name="test.DiscardPileTest" tests="12" failures="0" timestamp="30 Apr 2017 09:06:24 GMT" time="0.033" errors="0">
  <testcase name="addStack" time="0.007" classname="test.DiscardPileTest"/>
  <testcase name="testUndoPop" time="0.001" classname="test.DiscardPileTest"/>
  <testcase name="testGetCardAtLocationPoint" time="0.001" classname="test.DiscardPileTest"/>
  <testcase name="pushCardStack" time="0.005" classname="test.DiscardPileTest"/>
  <testcase name="pop" time="0.001" classname="test.DiscardPileTest"/>
  <testcase name="isValidMoveCardStack" time="0.001" classname="test.DiscardPileTest"/>
  <testcase name="setView" time="0.002" classname="test.DiscardPileTest"/>
  <testcase name="addCard" time="0.004" classname="test.DiscardPileTest"/>
  <testcase name="pushCard" time="0.007" classname="test.DiscardPileTest"/>
  <testcase name="testGetNumViewableCards" time="0.001" classname="test.DiscardPileTest"/>
  <testcase name="DiscardPile" time="0.002" classname="test.DiscardPileTest"/>
  <testcase name="isValidMoveCard" time="0.001" classname="test.DiscardPileTest"/>
</testsuite> <!-- test.DiscardPileTest -->
