<?xml version="1.0" encoding="UTF-8"?>
<!-- Generated by org.testng.reporters.JUnitReportReporter -->
<testsuite skipped="0" hostname="Nolans-MBP.home.gateway" name="test.ColumnTest" tests="4" failures="0" timestamp="28 Apr 2017 13:59:14 GMT" time="1.166" errors="0">
  <testcase name="testPush" time="0.140" classname="test.ColumnTest"/>
  <testcase name="testIsValidMove" time="0.032" classname="test.ColumnTest"/>
  <testcase name="testGetAvailableCards" time="0.985" classname="test.ColumnTest"/>
  <testcase name="testStackIsValidMove" time="0.009" classname="test.ColumnTest"/>
</testsuite> <!-- test.ColumnTest -->
