<?xml version="1.0" encoding="UTF-8"?>
<!-- Generated by org.testng.reporters.JUnitReportReporter -->
<testsuite skipped="0" hostname="mrogers40-PC" name="test.AcePileTest" tests="5" failures="0" timestamp="30 Apr 2017 08:57:48 GMT" time="0.041" errors="0">
  <testcase name="testIsValidMoveCardStack" time="0.001" classname="test.AcePileTest"/>
  <testcase name="testPushCard" time="0.015" classname="test.AcePileTest"/>
  <testcase name="AcePile" time="0.002" classname="test.AcePileTest"/>
  <testcase name="testIsValidMoveCard" time="0.016" classname="test.AcePileTest"/>
  <testcase name="testGetCardAtLocationPoint" time="0.007" classname="test.AcePileTest"/>
</testsuite> <!-- test.AcePileTest -->
