<?xml version="1.0" encoding="UTF-8"?>
<!-- Generated by org.testng.reporters.JUnitReportReporter -->
<testsuite skipped="0" hostname="mrogers40-PC" name="test.ChangeOptionsTest" tests="8" failures="0" timestamp="30 Apr 2017 09:06:24 GMT" time="14.281" errors="0">
  <testcase name="getDrawCount" time="0.001" classname="test.ChangeOptionsTest"/>
  <testcase name="setup" time="0.001" classname="test.ChangeOptionsTest"/>
  <testcase name="getTimer" time="0.001" classname="test.ChangeOptionsTest"/>
  <testcase name="getSounds" time="0.001" classname="test.ChangeOptionsTest"/>
  <testcase name="getDifficulty" time="0.001" classname="test.ChangeOptionsTest"/>
  <testcase name="getAnimation" time="0.001" classname="test.ChangeOptionsTest"/>
  <testcase name="ChangeOptions" time="9.198" classname="test.ChangeOptionsTest"/>
  <testcase name="actionPerformed" time="5.077" classname="test.ChangeOptionsTest"/>
</testsuite> <!-- test.ChangeOptionsTest -->
