<?xml version="1.0" encoding="UTF-8"?>
<!-- Generated by org.testng.reporters.JUnitReportReporter -->
<testsuite skipped="0" hostname="mrogers40-PC" name="test.SolitaireBoardTest" tests="20" failures="0" timestamp="30 Apr 2017 07:28:14 GMT" time="7.167" errors="0">
  <testcase name="undoMove" time="0.001" classname="test.SolitaireBoardTest"/>
  <testcase name="setDeckThroughs" time="0.245" classname="test.SolitaireBoardTest"/>
  <testcase name="setWinAnimationStatus" time="0.265" classname="test.SolitaireBoardTest"/>
  <testcase name="dealOutCustomBoard" time="0.002" classname="test.SolitaireBoardTest"/>
  <testcase name="setWinSoundsStatus" time="0.233" classname="test.SolitaireBoardTest"/>
  <testcase name="createBoard" time="0.547" classname="test.SolitaireBoardTest"/>
  <testcase name="newGame" time="1.059" classname="test.SolitaireBoardTest"/>
  <testcase name="setDifficulty" time="0.240" classname="test.SolitaireBoardTest"/>
  <testcase name="resetStats" time="0.214" classname="test.SolitaireBoardTest"/>
  <testcase name="setTimerStatus" time="1.976" classname="test.SolitaireBoardTest"/>
  <testcase name="setNewDrawCount" time="0.234" classname="test.SolitaireBoardTest"/>
  <testcase name="setDeckNumber" time="0.217" classname="test.SolitaireBoardTest"/>
  <testcase name="getHint" time="0.174" classname="test.SolitaireBoardTest"/>
  <testcase name="getTimerNextGameStatus" time="0.187" classname="test.SolitaireBoardTest"/>
  <testcase name="recordGame" time="0.002" classname="test.SolitaireBoardTest"/>
  <testcase name="setBackgroundNumber" time="0.216" classname="test.SolitaireBoardTest"/>
  <testcase name="setAppearance" time="0.655" classname="test.SolitaireBoardTest"/>
  <testcase name="saveOptions" time="0.205" classname="test.SolitaireBoardTest"/>
  <testcase name="setDrawCount" time="0.238" classname="test.SolitaireBoardTest"/>
  <testcase name="setNewDifficulty" time="0.257" classname="test.SolitaireBoardTest"/>
</testsuite> <!-- test.SolitaireBoardTest -->
