<?xml version="1.0" encoding="UTF-8"?>
<!-- Generated by org.testng.reporters.JUnitReportReporter -->
<testsuite skipped="0" hostname="Nolans-MBP.home.gateway" name="test.ColumnTest" tests="3" failures="0" timestamp="27 Apr 2017 15:45:25 GMT" time="0.255" errors="0">
  <testcase name="testStackIsValidMove" time="0.013" classname="test.ColumnTest"/>
  <testcase name="testIsValidMove" time="0.202" classname="test.ColumnTest"/>
  <testcase name="testPush" time="0.040" classname="test.ColumnTest"/>
</testsuite> <!-- test.ColumnTest -->
