<?xml version="1.0" encoding="UTF-8"?>
<!-- Generated by org.testng.reporters.JUnitReportReporter -->
<testsuite skipped="0" hostname="mrogers40-PC" name="test.SolitaireBoardTest" tests="20" failures="0" timestamp="30 Apr 2017 08:57:48 GMT" time="7.394" errors="0">
  <testcase name="recordGame" time="0.001" classname="test.SolitaireBoardTest"/>
  <testcase name="setAppearance" time="0.651" classname="test.SolitaireBoardTest"/>
  <testcase name="setTimerStatus" time="1.963" classname="test.SolitaireBoardTest"/>
  <testcase name="setDifficulty" time="0.221" classname="test.SolitaireBoardTest"/>
  <testcase name="undoMove" time="0.002" classname="test.SolitaireBoardTest"/>
  <testcase name="setDrawCount" time="0.222" classname="test.SolitaireBoardTest"/>
  <testcase name="setNewDrawCount" time="0.241" classname="test.SolitaireBoardTest"/>
  <testcase name="setBackgroundNumber" time="0.224" classname="test.SolitaireBoardTest"/>
  <testcase name="setWinAnimationStatus" time="0.193" classname="test.SolitaireBoardTest"/>
  <testcase name="dealOutCustomBoard" time="0.001" classname="test.SolitaireBoardTest"/>
  <testcase name="getHint" time="0.179" classname="test.SolitaireBoardTest"/>
  <testcase name="resetStats" time="0.216" classname="test.SolitaireBoardTest"/>
  <testcase name="setNewDifficulty" time="0.233" classname="test.SolitaireBoardTest"/>
  <testcase name="newGame" time="1.043" classname="test.SolitaireBoardTest"/>
  <testcase name="setDeckNumber" time="0.276" classname="test.SolitaireBoardTest"/>
  <testcase name="setDeckThroughs" time="0.219" classname="test.SolitaireBoardTest"/>
  <testcase name="createBoard" time="0.535" classname="test.SolitaireBoardTest"/>
  <testcase name="saveOptions" time="0.224" classname="test.SolitaireBoardTest"/>
  <testcase name="setWinSoundsStatus" time="0.572" classname="test.SolitaireBoardTest"/>
  <testcase name="getTimerNextGameStatus" time="0.178" classname="test.SolitaireBoardTest"/>
</testsuite> <!-- test.SolitaireBoardTest -->
