<?xml version="1.0" encoding="UTF-8"?>
<!-- Generated by org.testng.reporters.JUnitReportReporter -->
<testsuite skipped="0" hostname="Nolans-MBP.home.gateway" name="test.FourRowSolitaireTest" tests="5" failures="0" timestamp="30 Apr 2017 08:14:09 GMT" time="1.204" errors="0">
  <testcase name="actionPerformed" time="0.062" classname="test.FourRowSolitaireTest"/>
  <testcase name="loadData" time="0.254" classname="test.FourRowSolitaireTest"/>
  <testcase name="main" time="0.308" classname="test.FourRowSolitaireTest"/>
  <testcase name="checkForUpdate" time="0.345" classname="test.FourRowSolitaireTest"/>
  <testcase name="FourRowSolitaire" time="0.235" classname="test.FourRowSolitaireTest"/>
</testsuite> <!-- test.FourRowSolitaireTest -->
