<?xml version="1.0" encoding="UTF-8"?>
<!-- Generated by org.testng.reporters.JUnitReportReporter -->
<testsuite skipped="0" hostname="Nolans-MBP.home.gateway" name="test.DeckTest" tests="5" failures="0" timestamp="30 Apr 2017 08:14:09 GMT" time="0.797" errors="0">
  <testcase name="testGetDeck" time="0.164" classname="test.DeckTest"/>
  <testcase name="testGetDeckLinkedListOfInteger" time="0.165" classname="test.DeckTest"/>
  <testcase name="testDeck" time="0.140" classname="test.DeckTest"/>
  <testcase name="testShuffle" time="0.174" classname="test.DeckTest"/>
  <testcase name="testGetDeckNumber" time="0.154" classname="test.DeckTest"/>
</testsuite> <!-- test.DeckTest -->
