<?xml version="1.0" encoding="UTF-8"?>
<!-- Generated by org.testng.reporters.JUnitReportReporter -->
<testsuite skipped="0" hostname="Nolans-MBP.home.gateway" name="test.SolitaireLayoutTest" tests="6" failures="0" timestamp="30 Apr 2017 08:14:09 GMT" time="0.005" errors="0">
  <testcase name="SolitaireLayout" time="0.000" classname="test.SolitaireLayoutTest"/>
  <testcase name="addLayoutComponent" time="0.001" classname="test.SolitaireLayoutTest"/>
  <testcase name="preferredLayoutSize" time="0.000" classname="test.SolitaireLayoutTest"/>
  <testcase name="minimumLayoutSize" time="0.002" classname="test.SolitaireLayoutTest"/>
  <testcase name="removeLayoutComponent" time="0.001" classname="test.SolitaireLayoutTest"/>
  <testcase name="layoutContainer" time="0.001" classname="test.SolitaireLayoutTest"/>
</testsuite> <!-- test.SolitaireLayoutTest -->
