<?xml version="1.0" encoding="UTF-8"?>
<!-- Generated by org.testng.reporters.JUnitReportReporter -->
<testsuite skipped="0" hostname="mrogers40-PC" name="test.SolitaireBoardTest" tests="20" failures="0" timestamp="30 Apr 2017 09:06:24 GMT" time="7.791" errors="0">
  <testcase name="undoMove" time="0.004" classname="test.SolitaireBoardTest"/>
  <testcase name="setDeckNumber" time="0.222" classname="test.SolitaireBoardTest"/>
  <testcase name="setDifficulty" time="0.240" classname="test.SolitaireBoardTest"/>
  <testcase name="saveOptions" time="0.211" classname="test.SolitaireBoardTest"/>
  <testcase name="getTimerNextGameStatus" time="0.179" classname="test.SolitaireBoardTest"/>
  <testcase name="resetStats" time="0.208" classname="test.SolitaireBoardTest"/>
  <testcase name="setDeckThroughs" time="0.244" classname="test.SolitaireBoardTest"/>
  <testcase name="setNewDifficulty" time="0.392" classname="test.SolitaireBoardTest"/>
  <testcase name="dealOutCustomBoard" time="0.001" classname="test.SolitaireBoardTest"/>
  <testcase name="recordGame" time="0.001" classname="test.SolitaireBoardTest"/>
  <testcase name="setTimerStatus" time="2.216" classname="test.SolitaireBoardTest"/>
  <testcase name="newGame" time="1.365" classname="test.SolitaireBoardTest"/>
  <testcase name="createBoard" time="0.470" classname="test.SolitaireBoardTest"/>
  <testcase name="setNewDrawCount" time="0.269" classname="test.SolitaireBoardTest"/>
  <testcase name="setBackgroundNumber" time="0.213" classname="test.SolitaireBoardTest"/>
  <testcase name="setAppearance" time="0.551" classname="test.SolitaireBoardTest"/>
  <testcase name="setDrawCount" time="0.231" classname="test.SolitaireBoardTest"/>
  <testcase name="setWinAnimationStatus" time="0.280" classname="test.SolitaireBoardTest"/>
  <testcase name="setWinSoundsStatus" time="0.315" classname="test.SolitaireBoardTest"/>
  <testcase name="getHint" time="0.179" classname="test.SolitaireBoardTest"/>
</testsuite> <!-- test.SolitaireBoardTest -->
