<?xml version="1.0" encoding="UTF-8"?>
<!-- Generated by org.testng.reporters.JUnitReportReporter -->
<testsuite skipped="0" hostname="Nolans-MBP.home.gateway" name="test.SolitairePanelTest" tests="1" failures="0" timestamp="30 Apr 2017 08:14:09 GMT" time="0.001" errors="0">
  <testcase name="SolitairePanel" time="0.001" classname="test.SolitairePanelTest"/>
</testsuite> <!-- test.SolitairePanelTest -->
