<?xml version="1.0" encoding="UTF-8"?>
<!-- Generated by org.testng.reporters.JUnitReportReporter -->
<testsuite skipped="0" hostname="Nolans-MBP.home.gateway" name="test.WinScreenTest" tests="2" failures="0" timestamp="30 Apr 2017 08:14:09 GMT" time="0.212" errors="0">
  <testcase name="test_type" time="0.002" classname="test.WinScreenTest"/>
  <testcase name="test_instantiation" time="0.210" classname="test.WinScreenTest"/>
</testsuite> <!-- test.WinScreenTest -->
