<?xml version="1.0" encoding="UTF-8"?>
<!-- Generated by org.testng.reporters.JUnitReportReporter -->
<testsuite skipped="0" hostname="mrogers40-PC" name="test.SolitaireLayoutTest" tests="6" failures="0" timestamp="30 Apr 2017 09:00:07 GMT" time="0.031" errors="0">
  <testcase name="removeLayoutComponent" time="0.011" classname="test.SolitaireLayoutTest"/>
  <testcase name="preferredLayoutSize" time="0.003" classname="test.SolitaireLayoutTest"/>
  <testcase name="addLayoutComponent" time="0.004" classname="test.SolitaireLayoutTest"/>
  <testcase name="minimumLayoutSize" time="0.002" classname="test.SolitaireLayoutTest"/>
  <testcase name="layoutContainer" time="0.003" classname="test.SolitaireLayoutTest"/>
  <testcase name="SolitaireLayout" time="0.008" classname="test.SolitaireLayoutTest"/>
</testsuite> <!-- test.SolitaireLayoutTest -->
