<?xml version="1.0" encoding="UTF-8"?>
<!-- Generated by org.testng.reporters.JUnitReportReporter -->
<testsuite skipped="0" hostname="mrogers40-PC" name="test.ChangeOptionsTest" tests="8" failures="0" timestamp="30 Apr 2017 08:57:48 GMT" time="6.011" errors="0">
  <testcase name="getAnimation" time="0.001" classname="test.ChangeOptionsTest"/>
  <testcase name="actionPerformed" time="3.339" classname="test.ChangeOptionsTest"/>
  <testcase name="getDrawCount" time="0.001" classname="test.ChangeOptionsTest"/>
  <testcase name="getTimer" time="0.001" classname="test.ChangeOptionsTest"/>
  <testcase name="setup" time="0.001" classname="test.ChangeOptionsTest"/>
  <testcase name="ChangeOptions" time="2.666" classname="test.ChangeOptionsTest"/>
  <testcase name="getSounds" time="0.001" classname="test.ChangeOptionsTest"/>
  <testcase name="getDifficulty" time="0.001" classname="test.ChangeOptionsTest"/>
</testsuite> <!-- test.ChangeOptionsTest -->
