<?xml version="1.0" encoding="UTF-8"?>
<!-- Generated by org.testng.reporters.JUnitReportReporter -->
<testsuite skipped="0" hostname="mrogers40-PC" name="test.FireworksDisplayTest" tests="2" failures="0" timestamp="30 Apr 2017 08:57:48 GMT" time="0.002" errors="0">
  <testcase name="randomColor" time="0.001" classname="test.FireworksDisplayTest"/>
  <testcase name="FireworksDisplay" time="0.001" classname="test.FireworksDisplayTest"/>
</testsuite> <!-- test.FireworksDisplayTest -->
