<?xml version="1.0" encoding="UTF-8"?>
<!-- Generated by org.testng.reporters.JUnitReportReporter -->
<testsuite skipped="0" hostname="Nolans-MBP.home.gateway" name="test.ChangeOptionsTest" tests="6" failures="0" timestamp="30 Apr 2017 10:26:44 GMT" time="1.493" errors="0">
  <testcase name="getTimer" time="0.002" classname="test.ChangeOptionsTest"/>
  <testcase name="getDifficulty" time="0.001" classname="test.ChangeOptionsTest"/>
  <testcase name="getDrawCount" time="0.002" classname="test.ChangeOptionsTest"/>
  <testcase name="getAnimation" time="0.002" classname="test.ChangeOptionsTest"/>
  <testcase name="ChangeOptions" time="1.485" classname="test.ChangeOptionsTest"/>
  <testcase name="getSounds" time="0.001" classname="test.ChangeOptionsTest"/>
</testsuite> <!-- test.ChangeOptionsTest -->
