<?xml version="1.0" encoding="UTF-8"?>
<!-- Generated by org.testng.reporters.JUnitReportReporter -->
<testsuite skipped="0" hostname="Nolans-MBP.home.gateway" name="test.DealDeckTest" tests="12" failures="0" timestamp="29 Apr 2017 04:41:25 GMT" time="3.448" errors="0">
  <testcase name="undoPop" time="0.635" classname="test.DealDeckTest"/>
  <testcase name="setDrawCount" time="0.022" classname="test.DealDeckTest"/>
  <testcase name="isValidMoveCard" time="0.019" classname="test.DealDeckTest"/>
  <testcase name="hasDealsLeft" time="1.945" classname="test.DealDeckTest"/>
  <testcase name="setDifficulty" time="0.011" classname="test.DealDeckTest"/>
  <testcase name="pop" time="0.407" classname="test.DealDeckTest"/>
  <testcase name="setDeck" time="0.017" classname="test.DealDeckTest"/>
  <testcase name="isValidMoveCardStack" time="0.017" classname="test.DealDeckTest"/>
  <testcase name="reset" time="0.010" classname="test.DealDeckTest"/>
  <testcase name="setDeckThroughs" time="0.012" classname="test.DealDeckTest"/>
  <testcase name="getDeckThroughs" time="0.009" classname="test.DealDeckTest"/>
  <testcase name="DealDeck" time="0.344" classname="test.DealDeckTest"/>
</testsuite> <!-- test.DealDeckTest -->
