<?xml version="1.0" encoding="UTF-8"?>
<!-- Generated by org.testng.reporters.JUnitReportReporter -->
<testsuite skipped="0" hostname="mrogers40-PC" name="test.WinScreenTest" tests="2" failures="0" timestamp="30 Apr 2017 09:06:24 GMT" time="0.527" errors="0">
  <testcase name="test_type" time="0.002" classname="test.WinScreenTest"/>
  <testcase name="test_instantiation" time="0.525" classname="test.WinScreenTest"/>
</testsuite> <!-- test.WinScreenTest -->
