<?xml version="1.0" encoding="UTF-8"?>
<!-- Generated by org.testng.reporters.JUnitReportReporter -->
<testsuite skipped="0" hostname="mrogers40-PC" name="test.ChangeAppearanceTest" tests="3" failures="0" timestamp="30 Apr 2017 08:57:48 GMT" time="1.728" errors="0">
  <testcase name="getDeckNumber" time="0.515" classname="test.ChangeAppearanceTest"/>
  <testcase name="ChangeAppearance" time="0.002" classname="test.ChangeAppearanceTest"/>
  <testcase name="getBackgroundNumber" time="1.211" classname="test.ChangeAppearanceTest"/>
</testsuite> <!-- test.ChangeAppearanceTest -->
