<?xml version="1.0" encoding="UTF-8"?>
<!-- Generated by org.testng.reporters.JUnitReportReporter -->
<testsuite skipped="0" hostname="mrogers40-PC" name="test.ColumnTest" tests="4" failures="0" timestamp="30 Apr 2017 07:28:14 GMT" time="0.124" errors="0">
  <testcase name="testStackIsValidMove" time="0.020" classname="test.ColumnTest"/>
  <testcase name="testPush" time="0.031" classname="test.ColumnTest"/>
  <testcase name="testGetAvailableCards" time="0.051" classname="test.ColumnTest"/>
  <testcase name="testIsValidMove" time="0.022" classname="test.ColumnTest"/>
</testsuite> <!-- test.ColumnTest -->
