<?xml version="1.0" encoding="UTF-8"?>
<!-- Generated by org.testng.reporters.JUnitReportReporter -->
<testsuite skipped="0" hostname="mrogers40-PC" name="test.ChangeAppearanceTest" tests="3" failures="0" timestamp="30 Apr 2017 09:06:24 GMT" time="1.957" errors="0">
  <testcase name="ChangeAppearance" time="0.003" classname="test.ChangeAppearanceTest"/>
  <testcase name="getBackgroundNumber" time="1.297" classname="test.ChangeAppearanceTest"/>
  <testcase name="getDeckNumber" time="0.657" classname="test.ChangeAppearanceTest"/>
</testsuite> <!-- test.ChangeAppearanceTest -->
