<?xml version="1.0" encoding="UTF-8"?>
<!-- Generated by org.testng.reporters.JUnitReportReporter -->
<testsuite skipped="0" hostname="mrogers40-PC" name="test.CardTest" tests="7" failures="0" timestamp="30 Apr 2017 08:57:48 GMT" time="0.111" errors="0">
  <testcase name="validSuitTest" time="0.001" classname="test.CardTest"/>
  <testcase name="cloneTest" time="0.006" classname="test.CardTest"/>
  <testcase name="cardImageTest" time="0.002" classname="test.CardTest"/>
  <testcase name="faceUpTest" time="0.010" classname="test.CardTest"/>
  <testcase name="highlightTest" time="0.011" classname="test.CardTest"/>
  <testcase name="test" time="0.080" classname="test.CardTest"/>
  <testcase name="gettersTest" time="0.001" classname="test.CardTest"/>
</testsuite> <!-- test.CardTest -->
