<?xml version="1.0" encoding="UTF-8"?>
<!-- Generated by org.testng.reporters.JUnitReportReporter -->
<testsuite skipped="0" hostname="Nolans-MBP.home.gateway" name="test.SingleCellTest" tests="4" failures="0" timestamp="30 Apr 2017 08:14:09 GMT" time="0.070" errors="0">
  <testcase name="testIsValidMoveCardStack" time="0.005" classname="test.SingleCellTest"/>
  <testcase name="testGetCardAtLocationPoint" time="0.055" classname="test.SingleCellTest"/>
  <testcase name="testPushCard" time="0.006" classname="test.SingleCellTest"/>
  <testcase name="testIsValidMoveCard" time="0.004" classname="test.SingleCellTest"/>
</testsuite> <!-- test.SingleCellTest -->
