<?xml version="1.0" encoding="UTF-8"?>
<!-- Generated by org.testng.reporters.JUnitReportReporter -->
<testsuite skipped="0" hostname="mrogers40-PC" name="test.CardStackTest" tests="18" failures="0" timestamp="30 Apr 2017 08:57:48 GMT" time="0.606" errors="0">
  <testcase name="testGetStackInt" time="0.040" classname="test.CardStackTest"/>
  <testcase name="testGetAvailableCards" time="0.035" classname="test.CardStackTest"/>
  <testcase name="testIsEmpty" time="0.022" classname="test.CardStackTest"/>
  <testcase name="testGetCardAtLocationIntIndex" time="0.034" classname="test.CardStackTest"/>
  <testcase name="testGetCardAtLocationPoint" time="0.022" classname="test.CardStackTest"/>
  <testcase name="testPopCardStack" time="0.020" classname="test.CardStackTest"/>
  <testcase name="testPop" time="0.023" classname="test.CardStackTest"/>
  <testcase name="testIsValidMoveCardStack" time="0.028" classname="test.CardStackTest"/>
  <testcase name="testGetBottom" time="0.037" classname="test.CardStackTest"/>
  <testcase name="testLength" time="0.024" classname="test.CardStackTest"/>
  <testcase name="testPushCardStack" time="0.029" classname="test.CardStackTest"/>
  <testcase name="testIsValidMoveCard" time="0.027" classname="test.CardStackTest"/>
  <testcase name="testPushCard" time="0.023" classname="test.CardStackTest"/>
  <testcase name="testSearch" time="0.034" classname="test.CardStackTest"/>
  <testcase name="testAddCard" time="0.024" classname="test.CardStackTest"/>
  <testcase name="testPeek" time="0.030" classname="test.CardStackTest"/>
  <testcase name="testAddStack" time="0.021" classname="test.CardStackTest"/>
  <testcase name="testGetStackCard" time="0.133" classname="test.CardStackTest"/>
</testsuite> <!-- test.CardStackTest -->
