<?xml version="1.0" encoding="UTF-8"?>
<!-- Generated by org.testng.reporters.JUnitReportReporter -->
<testsuite skipped="0" hostname="Nolans-MBP.home.gateway" name="test.CardStackTest" tests="18" failures="0" timestamp="30 Apr 2017 08:14:09 GMT" time="0.279" errors="0">
  <testcase name="testIsValidMoveCard" time="0.010" classname="test.CardStackTest"/>
  <testcase name="testAddCard" time="0.017" classname="test.CardStackTest"/>
  <testcase name="testIsEmpty" time="0.009" classname="test.CardStackTest"/>
  <testcase name="testLength" time="0.015" classname="test.CardStackTest"/>
  <testcase name="testPopCardStack" time="0.010" classname="test.CardStackTest"/>
  <testcase name="testUndoStackMove" time="0.020" classname="test.CardStackTest"/>
  <testcase name="testPop" time="0.016" classname="test.CardStackTest"/>
  <testcase name="testPushCard" time="0.011" classname="test.CardStackTest"/>
  <testcase name="testSearch" time="0.021" classname="test.CardStackTest"/>
  <testcase name="testGetCardAtLocationPoint" time="0.010" classname="test.CardStackTest"/>
  <testcase name="testGetAvailableCards" time="0.023" classname="test.CardStackTest"/>
  <testcase name="testGetStackCard" time="0.031" classname="test.CardStackTest"/>
  <testcase name="testAddStack" time="0.009" classname="test.CardStackTest"/>
  <testcase name="testIsValidMoveCardStack" time="0.012" classname="test.CardStackTest"/>
  <testcase name="testPushCardStack" time="0.011" classname="test.CardStackTest"/>
  <testcase name="testGetBottom" time="0.016" classname="test.CardStackTest"/>
  <testcase name="testGetCardAtLocationIntIndex" time="0.022" classname="test.CardStackTest"/>
  <testcase name="testPeek" time="0.016" classname="test.CardStackTest"/>
</testsuite> <!-- test.CardStackTest -->
