<?xml version="1.0" encoding="UTF-8"?>
<!-- Generated by org.testng.reporters.JUnitReportReporter -->
<testsuite skipped="0" hostname="Nolans-MBP.home.gateway" name="test.ColumnTest" tests="4" failures="0" timestamp="28 Apr 2017 14:08:45 GMT" time="0.656" errors="0">
  <testcase name="testGetAvailableCards" time="0.137" classname="test.ColumnTest"/>
  <testcase name="testStackIsValidMove" time="0.011" classname="test.ColumnTest"/>
  <testcase name="testIsValidMove" time="0.011" classname="test.ColumnTest"/>
  <testcase name="testPush" time="0.497" classname="test.ColumnTest"/>
</testsuite> <!-- test.ColumnTest -->
