<?xml version="1.0" encoding="UTF-8"?>
<!-- Generated by org.testng.reporters.JUnitReportReporter -->
<testsuite skipped="0" hostname="Nolans-MBP.home.gateway" name="test.ColumnTest" tests="4" failures="0" timestamp="30 Apr 2017 08:14:09 GMT" time="0.036" errors="0">
  <testcase name="testPush" time="0.007" classname="test.ColumnTest"/>
  <testcase name="testIsValidMove" time="0.008" classname="test.ColumnTest"/>
  <testcase name="testGetAvailableCards" time="0.012" classname="test.ColumnTest"/>
  <testcase name="testStackIsValidMove" time="0.009" classname="test.ColumnTest"/>
</testsuite> <!-- test.ColumnTest -->
