<?xml version="1.0" encoding="UTF-8"?>
<!-- Generated by org.testng.reporters.JUnitReportReporter -->
<testsuite skipped="0" hostname="mrogers40-PC" name="test.FourRowSolitaireTest" tests="5" failures="0" timestamp="30 Apr 2017 08:57:48 GMT" time="2.253" errors="0">
  <testcase name="main" time="0.518" classname="test.FourRowSolitaireTest"/>
  <testcase name="checkForUpdate" time="0.621" classname="test.FourRowSolitaireTest"/>
  <testcase name="FourRowSolitaire" time="0.574" classname="test.FourRowSolitaireTest"/>
  <testcase name="loadData" time="0.523" classname="test.FourRowSolitaireTest"/>
  <testcase name="actionPerformed" time="0.017" classname="test.FourRowSolitaireTest"/>
</testsuite> <!-- test.FourRowSolitaireTest -->
