<?xml version="1.0" encoding="UTF-8"?>
<!-- Generated by org.testng.reporters.JUnitReportReporter -->
<testsuite skipped="0" hostname="mrogers40-PC" name="test.FourRowSolitaireTest" tests="5" failures="0" timestamp="30 Apr 2017 07:28:14 GMT" time="2.678" errors="0">
  <testcase name="FourRowSolitaire" time="0.582" classname="test.FourRowSolitaireTest"/>
  <testcase name="actionPerformed" time="0.021" classname="test.FourRowSolitaireTest"/>
  <testcase name="checkForUpdate" time="0.675" classname="test.FourRowSolitaireTest"/>
  <testcase name="main" time="0.789" classname="test.FourRowSolitaireTest"/>
  <testcase name="loadData" time="0.611" classname="test.FourRowSolitaireTest"/>
</testsuite> <!-- test.FourRowSolitaireTest -->
