<?xml version="1.0" encoding="UTF-8"?>
<!-- Generated by org.testng.reporters.JUnitReportReporter -->
<testsuite skipped="0" hostname="Nolans-MBP.home.gateway" name="test.DealDeckTest" tests="12" failures="0" timestamp="30 Apr 2017 08:14:09 GMT" time="1.535" errors="0">
  <testcase name="isValidMoveCard" time="0.015" classname="test.DealDeckTest"/>
  <testcase name="reset" time="0.006" classname="test.DealDeckTest"/>
  <testcase name="setDrawCount" time="0.017" classname="test.DealDeckTest"/>
  <testcase name="hasDealsLeft" time="0.658" classname="test.DealDeckTest"/>
  <testcase name="pop" time="0.284" classname="test.DealDeckTest"/>
  <testcase name="getDeckThroughs" time="0.006" classname="test.DealDeckTest"/>
  <testcase name="isValidMoveCardStack" time="0.015" classname="test.DealDeckTest"/>
  <testcase name="setDeck" time="0.018" classname="test.DealDeckTest"/>
  <testcase name="DealDeck" time="0.006" classname="test.DealDeckTest"/>
  <testcase name="setDifficulty" time="0.011" classname="test.DealDeckTest"/>
  <testcase name="setDeckThroughs" time="0.009" classname="test.DealDeckTest"/>
  <testcase name="undoPop" time="0.490" classname="test.DealDeckTest"/>
</testsuite> <!-- test.DealDeckTest -->
