<?xml version="1.0" encoding="UTF-8"?>
<!-- Generated by org.testng.reporters.JUnitReportReporter -->
<testsuite skipped="0" hostname="mrogers40-PC" name="test.SolitairePanelTest" tests="3" failures="0" timestamp="30 Apr 2017 07:28:14 GMT" time="0.029" errors="0">
  <testcase name="SolitairePanel" time="0.002" classname="test.SolitairePanelTest"/>
  <testcase name="changeBackground" time="0.025" classname="test.SolitairePanelTest"/>
  <testcase name="paintComponent" time="0.002" classname="test.SolitairePanelTest"/>
</testsuite> <!-- test.SolitairePanelTest -->
