<?xml version="1.0" encoding="UTF-8"?>
<!-- Generated by org.testng.reporters.JUnitReportReporter -->
<testsuite skipped="0" hostname="Nolans-MBP.home.gateway" name="test.SolitaireBoardTest" tests="19" failures="0" timestamp="30 Apr 2017 08:14:09 GMT" time="7.340" errors="0">
  <testcase name="newGame" time="1.462" classname="test.SolitaireBoardTest"/>
  <testcase name="setDifficulty" time="0.001" classname="test.SolitaireBoardTest"/>
  <testcase name="setNewDrawCount" time="0.000" classname="test.SolitaireBoardTest"/>
  <testcase name="setDrawCount" time="0.000" classname="test.SolitaireBoardTest"/>
  <testcase name="setAppearance" time="0.130" classname="test.SolitaireBoardTest"/>
  <testcase name="setNewDifficulty" time="0.000" classname="test.SolitaireBoardTest"/>
  <testcase name="setWinSoundsStatus" time="0.001" classname="test.SolitaireBoardTest"/>
  <testcase name="setBackgroundNumber" time="0.001" classname="test.SolitaireBoardTest"/>
  <testcase name="getHint" time="2.918" classname="test.SolitaireBoardTest"/>
  <testcase name="resetStats" time="0.004" classname="test.SolitaireBoardTest"/>
  <testcase name="getTimerNextGameStatus" time="0.001" classname="test.SolitaireBoardTest"/>
  <testcase name="setDeckNumber" time="0.001" classname="test.SolitaireBoardTest"/>
  <testcase name="setTimerStatus" time="2.524" classname="test.SolitaireBoardTest"/>
  <testcase name="undoMove" time="0.001" classname="test.SolitaireBoardTest"/>
  <testcase name="saveOptions" time="0.003" classname="test.SolitaireBoardTest"/>
  <testcase name="dealOutCustomBoard" time="0.182" classname="test.SolitaireBoardTest"/>
  <testcase name="createBoard" time="0.109" classname="test.SolitaireBoardTest"/>
  <testcase name="setDeckThroughs" time="0.001" classname="test.SolitaireBoardTest"/>
  <testcase name="setWinAnimationStatus" time="0.001" classname="test.SolitaireBoardTest"/>
</testsuite> <!-- test.SolitaireBoardTest -->
