<?xml version="1.0" encoding="UTF-8"?>
<!-- Generated by org.testng.reporters.JUnitReportReporter -->
<testsuite skipped="0" hostname="mrogers40-PC" name="test.DeckTest" tests="5" failures="0" timestamp="30 Apr 2017 07:28:14 GMT" time="2.893" errors="0">
  <testcase name="testDeck" time="0.634" classname="test.DeckTest"/>
  <testcase name="testGetDeck" time="0.582" classname="test.DeckTest"/>
  <testcase name="testGetDeckNumber" time="0.523" classname="test.DeckTest"/>
  <testcase name="testShuffle" time="0.587" classname="test.DeckTest"/>
  <testcase name="testGetDeckLinkedListOfInteger" time="0.567" classname="test.DeckTest"/>
</testsuite> <!-- test.DeckTest -->
