<?xml version="1.0" encoding="UTF-8"?>
<!-- Generated by org.testng.reporters.JUnitReportReporter -->
<testsuite skipped="0" hostname="mrogers40-PC" name="test.ChangeAppearanceTest" tests="5" failures="0" timestamp="30 Apr 2017 07:28:14 GMT" time="0.005" errors="0">
  <testcase name="getBackgroundNumber" time="0.001" classname="test.ChangeAppearanceTest"/>
  <testcase name="actionPerformed" time="0.002" classname="test.ChangeAppearanceTest"/>
  <testcase name="setup" time="0.001" classname="test.ChangeAppearanceTest"/>
  <testcase name="ChangeAppearance" time="0.001" classname="test.ChangeAppearanceTest"/>
  <testcase name="getDeckNumber" time="0.000" classname="test.ChangeAppearanceTest"/>
</testsuite> <!-- test.ChangeAppearanceTest -->
