<?xml version="1.0" encoding="UTF-8"?>
<!-- Generated by org.testng.reporters.JUnitReportReporter -->
<testsuite skipped="0" hostname="mrogers40-PC" name="test.DealDeckTest" tests="12" failures="0" timestamp="30 Apr 2017 09:06:24 GMT" time="1.927" errors="0">
  <testcase name="isValidMoveCardStack" time="0.032" classname="test.DealDeckTest"/>
  <testcase name="undoPop" time="0.621" classname="test.DealDeckTest"/>
  <testcase name="setDifficulty" time="0.017" classname="test.DealDeckTest"/>
  <testcase name="reset" time="0.016" classname="test.DealDeckTest"/>
  <testcase name="getDeckThroughs" time="0.016" classname="test.DealDeckTest"/>
  <testcase name="DealDeck" time="0.016" classname="test.DealDeckTest"/>
  <testcase name="setDeck" time="0.029" classname="test.DealDeckTest"/>
  <testcase name="setDrawCount" time="0.037" classname="test.DealDeckTest"/>
  <testcase name="hasDealsLeft" time="0.582" classname="test.DealDeckTest"/>
  <testcase name="isValidMoveCard" time="0.034" classname="test.DealDeckTest"/>
  <testcase name="setDeckThroughs" time="0.014" classname="test.DealDeckTest"/>
  <testcase name="pop" time="0.513" classname="test.DealDeckTest"/>
</testsuite> <!-- test.DealDeckTest -->
