<?xml version="1.0" encoding="UTF-8"?>
<!-- Generated by org.testng.reporters.JUnitReportReporter -->
<testsuite skipped="0" hostname="mrogers40-PC" name="test.SingleCellTest" tests="4" failures="0" timestamp="30 Apr 2017 09:06:24 GMT" time="0.038" errors="0">
  <testcase name="testGetCardAtLocationPoint" time="0.009" classname="test.SingleCellTest"/>
  <testcase name="testPushCard" time="0.010" classname="test.SingleCellTest"/>
  <testcase name="testIsValidMoveCardStack" time="0.009" classname="test.SingleCellTest"/>
  <testcase name="testIsValidMoveCard" time="0.010" classname="test.SingleCellTest"/>
</testsuite> <!-- test.SingleCellTest -->
