<?xml version="1.0" encoding="UTF-8"?>
<!-- Generated by org.testng.reporters.JUnitReportReporter -->
<testsuite skipped="0" hostname="mrogers40-PC" name="test.ColumnTest" tests="4" failures="0" timestamp="30 Apr 2017 09:06:24 GMT" time="0.134" errors="0">
  <testcase name="testIsValidMove" time="0.024" classname="test.ColumnTest"/>
  <testcase name="testStackIsValidMove" time="0.023" classname="test.ColumnTest"/>
  <testcase name="testPush" time="0.037" classname="test.ColumnTest"/>
  <testcase name="testGetAvailableCards" time="0.050" classname="test.ColumnTest"/>
</testsuite> <!-- test.ColumnTest -->
