<?xml version="1.0" encoding="UTF-8"?>
<!-- Generated by org.testng.reporters.JUnitReportReporter -->
<testsuite skipped="0" hostname="mrogers40-PC" name="test.CardStackTest" tests="18" failures="0" timestamp="30 Apr 2017 09:06:24 GMT" time="0.467" errors="0">
  <testcase name="testGetStackCard" time="0.052" classname="test.CardStackTest"/>
  <testcase name="testGetCardAtLocationPoint" time="0.017" classname="test.CardStackTest"/>
  <testcase name="testGetBottom" time="0.035" classname="test.CardStackTest"/>
  <testcase name="testPopCardStack" time="0.017" classname="test.CardStackTest"/>
  <testcase name="testIsValidMoveCardStack" time="0.018" classname="test.CardStackTest"/>
  <testcase name="testIsValidMoveCard" time="0.025" classname="test.CardStackTest"/>
  <testcase name="testGetStackInt" time="0.031" classname="test.CardStackTest"/>
  <testcase name="testGetAvailableCards" time="0.032" classname="test.CardStackTest"/>
  <testcase name="testGetCardAtLocationIntIndex" time="0.029" classname="test.CardStackTest"/>
  <testcase name="testSearch" time="0.033" classname="test.CardStackTest"/>
  <testcase name="testAddCard" time="0.021" classname="test.CardStackTest"/>
  <testcase name="testPop" time="0.022" classname="test.CardStackTest"/>
  <testcase name="testAddStack" time="0.019" classname="test.CardStackTest"/>
  <testcase name="testLength" time="0.021" classname="test.CardStackTest"/>
  <testcase name="testPushCardStack" time="0.027" classname="test.CardStackTest"/>
  <testcase name="testIsEmpty" time="0.022" classname="test.CardStackTest"/>
  <testcase name="testPushCard" time="0.020" classname="test.CardStackTest"/>
  <testcase name="testPeek" time="0.026" classname="test.CardStackTest"/>
</testsuite> <!-- test.CardStackTest -->
