<?xml version="1.0" encoding="UTF-8"?>
<!-- Generated by org.testng.reporters.JUnitReportReporter -->
<testsuite skipped="0" hostname="mrogers40-PC" name="test.DeckTest" tests="5" failures="0" timestamp="30 Apr 2017 08:57:48 GMT" time="3.353" errors="0">
  <testcase name="testGetDeckNumber" time="0.583" classname="test.DeckTest"/>
  <testcase name="testDeck" time="0.583" classname="test.DeckTest"/>
  <testcase name="testShuffle" time="0.950" classname="test.DeckTest"/>
  <testcase name="testGetDeck" time="0.622" classname="test.DeckTest"/>
  <testcase name="testGetDeckLinkedListOfInteger" time="0.615" classname="test.DeckTest"/>
</testsuite> <!-- test.DeckTest -->
