<?xml version="1.0" encoding="UTF-8"?>
<!-- Generated by org.testng.reporters.JUnitReportReporter -->
<testsuite skipped="0" hostname="mrogers40-PC" name="test.FourRowSolitaireTest" tests="5" failures="0" timestamp="30 Apr 2017 09:06:24 GMT" time="2.714" errors="0">
  <testcase name="checkForUpdate" time="0.631" classname="test.FourRowSolitaireTest"/>
  <testcase name="main" time="0.931" classname="test.FourRowSolitaireTest"/>
  <testcase name="loadData" time="0.566" classname="test.FourRowSolitaireTest"/>
  <testcase name="FourRowSolitaire" time="0.565" classname="test.FourRowSolitaireTest"/>
  <testcase name="actionPerformed" time="0.021" classname="test.FourRowSolitaireTest"/>
</testsuite> <!-- test.FourRowSolitaireTest -->
