<?xml version="1.0" encoding="UTF-8"?>
<!-- Generated by org.testng.reporters.JUnitReportReporter -->
<testsuite skipped="0" hostname="Nolans-MBP.home.gateway" name="test.CardTest" tests="7" failures="0" timestamp="30 Apr 2017 08:14:09 GMT" time="0.044" errors="0">
  <testcase name="gettersTest" time="0.000" classname="test.CardTest"/>
  <testcase name="cloneTest" time="0.003" classname="test.CardTest"/>
  <testcase name="test" time="0.030" classname="test.CardTest"/>
  <testcase name="cardImageTest" time="0.001" classname="test.CardTest"/>
  <testcase name="validSuitTest" time="0.001" classname="test.CardTest"/>
  <testcase name="faceUpTest" time="0.005" classname="test.CardTest"/>
  <testcase name="highlightTest" time="0.004" classname="test.CardTest"/>
</testsuite> <!-- test.CardTest -->
