<?xml version="1.0" encoding="UTF-8"?>
<!-- Generated by org.testng.reporters.JUnitReportReporter -->
<testsuite skipped="0" hostname="mrogers40-PC" name="test.DeckTest" tests="5" failures="0" timestamp="30 Apr 2017 09:06:24 GMT" time="3.231" errors="0">
  <testcase name="testGetDeckLinkedListOfInteger" time="0.643" classname="test.DeckTest"/>
  <testcase name="testGetDeckNumber" time="0.594" classname="test.DeckTest"/>
  <testcase name="testDeck" time="0.644" classname="test.DeckTest"/>
  <testcase name="testShuffle" time="0.724" classname="test.DeckTest"/>
  <testcase name="testGetDeck" time="0.626" classname="test.DeckTest"/>
</testsuite> <!-- test.DeckTest -->
