<?xml version="1.0" encoding="UTF-8"?>
<!-- Generated by org.testng.reporters.JUnitReportReporter -->
<testsuite skipped="0" hostname="Medic-Desktop" name="test.AcePileTest" tests="5" failures="0" timestamp="26 Apr 2017 09:23:33 GMT" time="0.127" errors="0">
  <testcase name="testIsValidMoveCard" time="0.011" classname="test.AcePileTest"/>
  <testcase name="AcePile" time="0.059" classname="test.AcePileTest"/>
  <testcase name="testGetCardAtLocationPoint" time="0.046" classname="test.AcePileTest"/>
  <testcase name="testIsValidMoveCardStack" time="0.001" classname="test.AcePileTest"/>
  <testcase name="testPushCard" time="0.010" classname="test.AcePileTest"/>
</testsuite> <!-- test.AcePileTest -->
